...........F.
======================================================================
FAIL: test_loadClues (__main__.LoadLocTests)
Check if clues are correctly loaded from file
----------------------------------------------------------------------
Traceback (most recent call last):
  File "AutomatedTests.py", line 154, in test_loadClues
    self.assertEqual(len(clueList), numClues)
AssertionError: 0 != 3

----------------------------------------------------------------------
Ran 13 tests in 0.580s

FAILED (failures=1)
